A00602:238:H3273DSXY:2:1453:7093:12399_CGG	BRCA2_G_32889734_NGG_sg1|6:27:8795:C:T;BRCA2_G_32889734_NGG_sg1|6:25:8795:C:T;BRCA2_G_32889734_NGG_sg1|6:26:8795:C:T
A00602:238:H3273DSXY:2:2316:16541:29199_TGG	BRCA2_G_32912617_NGG_sg1|8:27:5271:C:T;BRCA2_G_32912617_NGG_sg1|8:26:5271:C:T
A00601:238:H2YYVDSXY:3:2158:26304:23375_GGG	BRCA1_C_41247890_NGG_sg1|4:24:3629:C:T
A00602:238:H3273DSXY:2:2308:26612:18239_AGG	BRCA1_C_41246440_NGG_sg1|5:25:2186:C:T;BRCA1_C_41246440_NGG_sg1|5:28:2186:C:T
A00602:238:H3273DSXY:2:2539:31937:12680_GGG	BRCA1_G_41246364_NGG_sg1|4:24:2622:C:T
A00602:238:H3273DSXY:2:2374:20338:21715_TGG	BRCA1_G_41243565_NGG_sg1|5:25:6361:C:T
A00602:238:H3273DSXY:2:1447:26711:30311_GGG	BRCA1_C_41247893_NGG_sg1|6:26:7003:C:T;BRCA1_C_41247893_NGG_sg1|6:27:7003:C:T
A00602:238:H3273DSXY:2:1615:15881:32377_CGG	BRCA1_C_41243786_NGG_sg1|7:27:3082:C:T
A00602:238:H3273DSXY:2:2159:5710:16110_GGG	BRCA1_G_41244401_NGG_sg1|6:26:2393:C:T;BRCA1_G_41244401_NGG_sg1|6:25:2393:C:T
A00602:238:H3273DSXY:2:2536:15483:26741_TGG	BRCA2_C_32932030_NGG_sg1|5:25:5078:C:T;BRCA2_C_32932030_NGG_sg1|5:26:5078:C:T
A00601:238:H2YYVDSXY:3:1565:4544:30248_TGG	BRCA1_C_41209092_NGG_sg1|4:26:24914:C:T
A00602:238:H3273DSXY:2:2278:21178:28056_GGG	BRCA1_C_41223160_NGG_sg1|4:24:8499:C:T;BRCA1_C_41223160_NGG_sg1|4:27:8499:C:T
A00601:238:H2YYVDSXY:3:2213:24641:12070_GGG	BRCA1_C_41197242_NGG_sg1|5:27:8686:C:T;BRCA1_C_41197242_NGG_sg1|5:25:8686:C:T
A00602:238:H3273DSXY:2:2340:22263:25989_TGG	BRCA1_C_41199697_NGG_sg1|5:25:5064:C:T;BRCA1_C_41199697_NGG_sg1|5:27:5064:C:T
A00602:238:H3273DSXY:2:1662:4472:4946_TGG	BRCA1_C_41243713_NGG_sg1|4:25:5797:C:T
A00601:238:H2YYVDSXY:3:2172:24035:26866_AGG	BRCA1_G_41197090_NGG_sg1|8:27:3689:C:T
A00602:238:H3273DSXY:2:1214:30228:2331_TGG	BRCA1_C_41203079_NGG_sg1|8:24:4348:C:T
A00602:238:H3273DSXY:2:1424:27317:1705_TGG	BRCA2_G_32913027_NGG_sg1|6:24:10337:C:T
A00602:238:H3273DSXY:2:1476:16514:30154_TGG	BRCA1_C_41234541_NGG_sg1|7:27:18862:C:T
A00602:238:H3273DSXY:2:1203:11758:34037_TGG	BRCA1_C_41245920_NGG_sg1|6:27:10230:C:T;BRCA1_C_41245920_NGG_sg1|6:26:10230:C:T
A00602:238:H3273DSXY:2:1442:13413:20776_TGG	BRCA1_G_41243869_NGG_sg1|7:27:22594:C:T
A00601:238:H2YYVDSXY:3:2537:7491:5353_GGG	BRCA1_G_41256212_NGG_sg1|5:25:3361:C:T
A00601:238:H2YYVDSXY:3:2306:21486:1376_AGG	BRCA2_C_32912598_NGG_sg1|6:26:2205:C:T
A00602:238:H3273DSXY:2:1640:1127:20948_GGG	BRCA1_C_41277239_NGG_sg1|5:26:5483:C:T;BRCA1_C_41277239_NGG_sg1|5:27:5483:C:T;BRCA1_C_41277239_NGG_sg1|5:25:5483:C:T;BRCA1_C_41277239_NGG_sg1|5:28:5483:C:T
A00601:238:H2YYVDSXY:3:2134:29179:18646_TGG	BRCA2_G_32950849_NGG_sg1|4:24:4154:C:T
A00602:238:H3273DSXY:2:2518:30029:11193_AGG	BRCA2_G_32936807_NGG_sg1|8:27:7504:C:T;BRCA2_G_32936807_NGG_sg1|8:28:7504:C:T
A00602:238:H3273DSXY:2:1529:19280:15687_GGG	BRCA1_G_41196877_NGG_sg1|7:25:711:C:T;BRCA1_G_41196877_NGG_sg1|7:24:711:C:T;BRCA1_G_41196877_NGG_sg1|7:27:711:C:T
A00601:238:H2YYVDSXY:3:1244:30346:9424_TGG	BRCA1_G_41223177_NGG_sg1|5:25:7963:C:T
A00602:238:H3273DSXY:2:2421:21197:12305_AGG	BRCA1_C_41245511_NGG_sg1|6:26:11012:C:T
A00602:238:H3273DSXY:2:1136:13874:31156_TGG	BRCA2_C_32907081_NGG_sg1|6:26:6557:C:T
A00602:238:H3273DSXY:2:2542:13386:7232_TGG	BRCA2_C_32954225_NGG_sg1|5:25:8937:C:T;BRCA2_C_32954225_NGG_sg1|5:26:8937:C:T
A00602:238:H3273DSXY:2:1635:5864:29121_TGG	BRCA1_C_41197804_NGG_sg1|4:26:8528:C:T
A00601:238:H2YYVDSXY:3:1167:29451:30608_AGG	BRCA1_C_41246440_NGG_sg1|5:25:2186:C:T;BRCA1_C_41246440_NGG_sg1|5:28:2186:C:T
A00601:238:H2YYVDSXY:3:1613:15745:24752_TGG	BRCA1_G_41251876_NGG_sg1|7:26:10832:C:T;BRCA1_G_41251876_NGG_sg1|7:27:10832:C:T
A00602:238:H3273DSXY:2:1124:18231:33849_TGG	BRCA2_G_32929008_NGG_sg1|4:25:4947:C:T
A00602:238:H3273DSXY:2:2330:23122:18834_AGG	BRCA1_C_41197240_NGG_sg1|4:28:4647:C:T
A00601:238:H2YYVDSXY:3:2537:7735:18114_TGG	BRCA2_G_32953546_NGG_sg1|8:28:12161:C:T
A00601:238:H2YYVDSXY:3:2312:8910:28197_AGG	BRCA1_C_41246440_NGG_sg1|5:28:2186:C:T
A00602:238:H3273DSXY:2:2535:7943:11209_AGG	BRCA1_C_41277293_NGG_sg1|4:26:1479:C:T;BRCA1_C_41277293_NGG_sg1|4:25:1479:C:T;BRCA1_C_41277293_NGG_sg1|4:24:1479:C:T
A00602:238:H3273DSXY:2:1214:21495:5932_AGG	BRCA1_C_41197240_NGG_sg1|4:28:4647:C:T
A00601:238:H2YYVDSXY:3:2507:6234:6245_TGG	BRCA1_C_41231382_NGG_sg1|5:25:6707:C:T
A00601:238:H2YYVDSXY:3:2168:16089:36746_TGG	BRCA1_G_41243869_NGG_sg1|7:27:22594:C:T;BRCA1_G_41243869_NGG_sg1|7:26:22594:C:T
A00601:238:H2YYVDSXY:3:2464:8576:32847_TGG	BRCA2_C_32937471_NGG_sg1|6:26:1441:C:T
A00602:238:H3273DSXY:2:2643:19334:5666_AGG	BRCA2_C_32936662_NGG_sg1|5:27:1431:C:T
A00601:238:H2YYVDSXY:3:1132:31322:10457_GGG	BRCA1_G_41277244_NGG_sg1|6:24:8268:C:T;BRCA1_G_41277244_NGG_sg1|6:26:8268:C:T
A00601:238:H2YYVDSXY:3:1258:16559:18959_AGG	BRCA1_G_41243456_NGG_sg1|5:25:3083:C:T
A00602:238:H3273DSXY:2:2611:8043:21214_GGG	BRCA1_G_41277244_NGG_sg1|6:26:8268:C:T
A00602:238:H3273DSXY:2:2310:21025:18897_TGG	BRCA1_C_41244907_NGG_sg1|5:25:18897:C:T
A00602:238:H3273DSXY:2:1672:5412:14998_TGG	BRCA1_C_41234541_NGG_sg1|7:27:18862:C:T
A00602:238:H3273DSXY:2:2462:25626:35697_TGG	BRCA2_G_32937506_NGG_sg1|6:26:8422:C:T
A00602:238:H3273DSXY:2:2219:7817:11804_TGG	BRCA2_C_32889796_NGG_sg1|4:24:8357:C:T
A00602:238:H3273DSXY:2:1575:29912:9674_CGG	BRCA2_C_32889685_NGG_sg1|5:26:10110:C:T
A00601:238:H2YYVDSXY:3:1360:5050:32346_CGG	BRCA1_C_41243786_NGG_sg1|7:27:3082:C:T
A00602:238:H3273DSXY:2:1669:11071:14184_TGG	BRCA1_G_41276051_NGG_sg1|5:25:4734:C:T
A00602:238:H3273DSXY:2:1416:23610:11475_TGG	BRCA1_G_41246448_NGG_sg1|7:27:8050:C:T
A00602:238:H3273DSXY:2:1160:25283:33285_TGG	BRCA1_G_41243545_NGG_sg1|5:25:3211:C:T
A00602:238:H3273DSXY:2:1308:13060:11177_TGG	BRCA1_C_41199675_NGG_sg1|5:28:5388:C:T;BRCA1_C_41199675_NGG_sg1|5:26:5388:C:T;BRCA1_C_41199675_NGG_sg1|5:25:5388:C:T
A00602:238:H3273DSXY:2:2225:5141:23140_GGG	BRCA1_C_41197692_NGG_sg1|4:28:6702:C:T
A00601:238:H2YYVDSXY:3:1545:5520:16125_TGG	BRCA2_G_32914162_NGG_sg1|8:27:6953:C:T
A00602:238:H3273DSXY:2:2131:30743:36667_TGG	BRCA1_G_41245115_NGG_sg1|6:25:4145:C:T;BRCA1_G_41245115_NGG_sg1|6:26:4145:C:T
A00602:238:H3273DSXY:2:2153:15148:4147_TGG	BRCA1_G_41223246_NGG_sg1|8:28:3900:C:T;BRCA1_G_41223246_NGG_sg1|8:26:3900:C:T;BRCA1_G_41223246_NGG_sg1|8:27:3900:C:T
A00602:238:H3273DSXY:2:2607:11794:10645_CGG	BRCA1_C_41243786_NGG_sg1|7:27:3082:C:T
A00601:238:H2YYVDSXY:3:1453:6424:30279_AGG	BRCA2_C_32971149_NGG_sg1|4:24:4627:C:T
A00601:238:H2YYVDSXY:3:1636:31322:1626_GGG	BRCA1_C_41277239_NGG_sg1|5:26:5483:C:T;BRCA1_C_41277239_NGG_sg1|5:27:5483:C:T;BRCA1_C_41277239_NGG_sg1|5:28:5483:C:T
A00602:238:H3273DSXY:2:2660:17002:11303_GGG	BRCA2_G_32945192_NGG_sg1|6:26:6264:C:T
A00602:238:H3273DSXY:2:2276:29948:24079_AGG	BRCA2_G_32973550_NGG_sg1|7:28:4049:C:T;BRCA2_G_32973550_NGG_sg1|7:24:4049:C:T;BRCA2_G_32973550_NGG_sg1|7:27:4049:C:T
A00601:238:H2YYVDSXY:3:1676:32280:32659_TGG	BRCA2_G_32937506_NGG_sg1|6:26:8422:C:T
A00601:238:H2YYVDSXY:3:1673:10574:25066_AGG	BRCA2_G_32907235_NGG_sg1|7:26:6969:C:T
A00602:238:H3273DSXY:2:2229:32832:24471_GGG	BRCA2_G_32950928_NGG_sg1|8:25:14105:C:T
A00601:238:H2YYVDSXY:3:1544:17571:22122_GGG	BRCA1_C_41267792_NGG_sg1|4:25:2922:C:T
A00602:238:H3273DSXY:2:1169:9742:2988_GGG	BRCA2_C_32914401_NGG_sg1|4:27:5528:C:T;BRCA2_C_32914401_NGG_sg1|4:24:5528:C:T
A00602:238:H3273DSXY:2:1344:17499:14168_TGG	BRCA2_C_32972545_NGG_sg1|4:24:2580:C:T
A00602:238:H3273DSXY:2:2548:11930:34491_GGG	BRCA2_G_32950928_NGG_sg1|8:27:14105:C:T;BRCA2_G_32950928_NGG_sg1|8:25:14105:C:T
A00602:238:H3273DSXY:2:2670:5312:3615_TGG	BRCA2_G_32907322_NGG_sg1|6:26:10263:C:T
A00601:238:H2YYVDSXY:3:2106:26341:31610_TGG	BRCA1_C_41246454_NGG_sg1|4:24:5951:C:T
A00601:238:H2YYVDSXY:3:2125:30807:7153_TGG	BRCA1_G_41197191_NGG_sg1|7:27:8938:C:T
A00602:238:H3273DSXY:2:1112:24921:10019_CGG	BRCA1_C_41243786_NGG_sg1|7:27:3082:C:T
A00602:238:H3273DSXY:2:2605:30834:33191_GGG	BRCA1_C_41223160_NGG_sg1|4:27:8499:C:T
A00602:238:H3273DSXY:2:1252:24713:9784_TGG	BRCA1_C_41243713_NGG_sg1|4:25:5797:C:T
A00602:238:H3273DSXY:2:1166:25744:10473_TGG	BRCA1_C_41245075_NGG_sg1|6:26:9620:C:T
A00602:238:H3273DSXY:2:2243:9263:20384_GGG	BRCA2_G_32910950_NGG_sg1|5:25:10533:C:T
A00601:238:H2YYVDSXY:3:2510:17607:14826_TGG	BRCA2_C_32900669_NGG_sg1|8:28:4788:C:T
A00602:238:H3273DSXY:2:2626:21070:2754_GGG	BRCA2_C_32889717_NGG_sg1|5:25:1274:C:T;BRCA2_C_32889717_NGG_sg1|5:26:1274:C:T
A00602:238:H3273DSXY:2:1176:27046:18458_GGG	BRCA1_C_41196391_NGG_sg1|4:24:4850:C:T;BRCA1_C_41196391_NGG_sg1|4:26:4850:C:T
A00602:238:H3273DSXY:2:1563:13187:7012_GGG	BRCA1_G_41223075_NGG_sg1|7:27:11746:C:T
A00602:238:H3273DSXY:2:1626:22959:34867_AGG	BRCA2_C_32930694_NGG_sg1|5:25:1691:C:T;BRCA2_C_32930694_NGG_sg1|5:27:1691:C:T
A00601:238:H2YYVDSXY:3:1476:18584:5431_TGG	BRCA1_C_41256161_NGG_sg1|5:27:10359:C:T;BRCA1_C_41256161_NGG_sg1|5:25:10359:C:T
A00602:238:H3273DSXY:2:1237:31846:32283_TGG	BRCA2_C_32914647_NGG_sg1|8:28:12923:C:T
A00601:238:H2YYVDSXY:3:1434:14091:1157_AGG	BRCA2_C_32953926_NGG_sg1|8:28:961:C:T
A00602:238:H3273DSXY:2:1615:31268:28494_GGG	BRCA1_G_41243952_NGG_sg1|4:26:1329:C:T
A00601:238:H2YYVDSXY:3:2209:5638:9471_TGG	BRCA2_C_32932020_NGG_sg1|4:26:5224:C:T
A00602:238:H3273DSXY:2:2403:2474:8155_AGG	BRCA2_C_32954235_NGG_sg1|5:25:12129:C:T
A00602:238:H3273DSXY:2:1260:5367:35305_TGG	BRCA1_C_41246454_NGG_sg1|4:24:5951:C:T
A00602:238:H3273DSXY:2:1371:27507:12806_GGG	BRCA1_C_41197242_NGG_sg1|5:27:8686:C:T
A00601:238:H2YYVDSXY:3:2265:25482:17190_TGG	BRCA2_G_32930731_NGG_sg1|8:26:5401:C:T
A00602:238:H3273DSXY:2:2540:12680:19319_TGG	BRCA1_G_41197784_NGG_sg1|8:27:4194:C:T;BRCA1_G_41197784_NGG_sg1|8:26:4194:C:T
A00602:238:H3273DSXY:2:1622:19072:20369_GGG	BRCA2_G_32950928_NGG_sg1|8:27:14105:C:T;BRCA2_G_32950928_NGG_sg1|8:25:14105:C:T;BRCA2_G_32950928_NGG_sg1|8:28:14105:C:T
A00602:238:H3273DSXY:2:1536:4227:6308_AGG	BRCA2_G_32910482_NGG_sg1|6:25:2918:C:T;BRCA2_G_32910482_NGG_sg1|6:24:2918:C:T;BRCA2_G_32910482_NGG_sg1|6:26:2918:C:T
A00602:238:H3273DSXY:2:1648:9082:27117_AGG	BRCA1_C_41256953_NGG_sg1|6:26:10940:C:T
A00601:238:H2YYVDSXY:3:2660:3305:25473_AGG	BRCA2_G_32915120_NGG_sg1|5:25:7307:C:T
