total reads	sg match reads	sg ratio
34255380	5711966	0.166746537332
BRCA1_T_41276088_NG_sg1|8	0
BRCA1_A_41196938_NGG_sg1|5	6154
BRCA1_A_41277489_NG_sg1|5	0
BRCA2_A_32910805_NG_sg1|6	0
BRCA1_T_41277406_NG_sg1|5	0
SRSF3_NG_36564648|7	0
BRCA2_A_32913193_NG_sg1|5	0
BRCA1_C_41277450_NG_sg1|4	0
BRCA2_G_32913242_NG_sg1|8	0
BRCA1_A_41243847_NG_sg1|5	0
BRCA2_T_32910961_NG_sg1|8	0
BRCA2_C_32915102_NG_sg1|4	0
BRCA2_C_32968839_NG_sg1|6	0
BRCA2_C_32953563_NGG_sg1|5	338
BRCA1_T_41196445_NG_sg1|8	0
BRCA1_A_41244803_NG_sg1|5	0
BRCA1_A_41244555_NG_sg1|4	0
BRCA2_C_32937568_NG_sg1|4	0
BRCA2_A_32905154_NG_sg1|4	0
BRCA2_G_32911951_NGG_sg1|5	5153
BRCA1_C_41209092_NGG_sg1|4	24914
BRCA1_G_41277302_NG_sg1|4	0
BRCA2_C_32911607_NG_sg1|4	0
BRCA1_A_41243963_NG_sg1|5	0
BRCA1_T_41244744_NG_sg1|8	0
BRCA2_T_32936737_NG_sg1|6	0
BRCA2_C_32913162_NGG_sg1|4	1956
BRCA1_T_41242975_NGG_sg1|8	6538
BRCA2_G_32945104_NG_sg1|8	0
BRCA1_A_41196608_NG_sg1|5	0
BRCA2_A_32953463_NG_sg1|4	0
BRCA1_T_41245890_NG_sg1|4	0
BRCA2_T_32930740_NGG_sg1|6	1851
BRCA2_G_32907509_NG_sg1|8	0
BRCA2_T_32973588_NGG_sg1|8	458
BRCA1_A_41244931_NGG_sg1|4	1070
BRCA1_T_41215381_NG_sg1|7	0
MED30_118533227|8	1521
BRCA2_C_32930694_NG_sg1|4	0
BRCA2_A_32929260_NGG_sg1|5	1991
BRCA2_T_32906475_NGG_sg1|6	8742
BRCA1_T_41243758_NG_sg1|7	0
SUPT6H_NG_27000492|4	0
BRCA1_C_41244750_NG_sg1|4	0
BRCA1_A_41246114_NGG_sg1|4	8735
BRCA2_G_32913735_NG_sg1|5	0
BRCA1_C_41197813_NG_sg1|4	0
BRCA1_C_41244124_NGG_sg1|5	5201
BRCA1_C_41245047_NG_sg1|5	0
BRCA1_G_41234559_NGG_sg1|8	4062
BRCA2_T_32911127_NG_sg1|8	0
BRCA2_A_32953458_NG_sg1|6	0
BRCA1_T_41243042_NG_sg1|5	0
BRCA1_T_41215376_NG_sg1|5	0
BRCA1_T_41246746_NG_sg1|8	0
BRCA1_G_41228619_NG_sg1|8	0
BRCA2_C_32911168_NG_sg1|4	0
BRCA1_C_41244951_NG_sg1|4	0
BRCA2_A_32931969_NG_sg1|8	0
BRCA1_T_41277280_NGG_sg1|4	1398
BRCA2_C_32893262_NG_sg1|5	0
BRCA1_T_41244224_NG_sg1|6	0
BRCA2_T_32972941_NG_sg1|5	0
BRCA2_T_32937463_NG_sg1|6	0
BRCA1_T_41246397_NG_sg1|5	0
PSMC2_NG_102988225|4	0
BRCA2_C_32929131_NG_sg1|4	0
BRCA1_T_41244149_NG_sg1|5	0
BRCA1_C_41244214_NGG_sg1|5	18091
BRCA1_T_41196988_NG_sg1|5	0
BRCA2_C_32912262_NG_sg1|4	0
BRCA2_C_32912106_NG_sg1|5	0
BRCA2_A_32912116_NGG_sg1|4	539
BRCA1_C_41245123_NG_sg1|7	0
U2AF2_56166516|5	646
BRCA1_A_41251804_NGG_sg1|5	4927
BRCA2_A_32911760_NGG_sg1|5	11278
BRCA1_T_41245011_NG_sg1|8	0
BRCA1_G_41277328_NGG_sg1|8	1746
BRCA1_C_41231395_NG_sg1|4	0
BRCA1_A_41243899_NG_sg1|5	0
BRCA1_T_41245127_NG_sg1|5	0
BRCA2_A_32907010_NG_sg1|4	0
BRCA2_C_32929030_NG_sg1|4	0
BRCA1_G_41228591_NG_sg1|8	0
BRCA2_A_32907331_NG_sg1|5	0
PSMA6_NG_35779960|6	0
BRCA2_T_32937546_NG_sg1|4	0
BRCA2_C_32972373_NG_sg1|4	0
BRCA1_C_41197489_NG_sg1|7	0
BRCA1_A_41197312_NG_sg1|5	0
BRCA2_A_32911187_NG_sg1|6	0
BRCA1_G_41196451_NGG_sg1|7	8120
BRCA2_A_32913523_NG_sg1|4	0
BRCA1_A_41197108_NG_sg1|4	0
BRCA1_T_41246488_NG_sg1|8	0
BRCA2_G_32913466_NG_sg1|6	0
BRCA2_A_32953557_NG_sg1|5	0
BRCA1_C_41197178_NG_sg1|4	0
