>A00601:238:H2YYVDSXY:3:1425:1723:21386_TGC_first
ACATCTTGATTCTTTTCCAT
>A00601:238:H2YYVDSXY:3:2337:19985:33098_AGT_first
TAGACACTTTAACTGTTTCT
>A00601:238:H2YYVDSXY:3:1208:27787:32957_TGA_first
GGCAGACTGGTGGGCTCTCC
>A00602:238:H3273DSXY:2:1341:9869:4586_TGA_first
CCAACTGTTGTTTGTCTTGT
>A00602:238:H3273DSXY:2:1358:23737:22561_TGT_first
GATTAGTTAAAGTGATGTGG
>A00601:238:H2YYVDSXY:3:1116:16794:5995_TGG_first
AGTGCACGTGATGGTAAATA
>A00602:238:H3273DSXY:2:1248:26078:18787_GGT_first
TCTTGCTCGCTTTGGACCTT
>A00601:238:H2YYVDSXY:3:2316:9598:36464_GAC_first
CCTGTATAGGGTATGCTCTT
>A00602:238:H3273DSXY:2:1131:16514:21449_TGT_first
CAGATAAATCCATTTCTTTC
>A00601:238:H2YYVDSXY:3:2337:19271:31955_TGA_first
GGTTCTTCAGAATCATTCTG
>A00602:238:H3273DSXY:2:1372:25572:32221_TGC_first
AAATTGGCACTGATTCTGCC
>A00602:238:H3273DSXY:2:2144:15284:32816_AGG_first
TCCAGTGGCTTCTTCATTTC
>A00602:238:H3273DSXY:2:1636:25211:27712_TCA_first
CAGTTGATAATGCCAAATGT
>A00602:238:H3273DSXY:2:2536:15483:26741_TGG_first
CCCTCCAATGATGGAAAGGC
>A00602:238:H3273DSXY:2:2504:29966:26365_TTG_first
TAAGTGTTGAATCCATGCTT
>A00602:238:H3273DSXY:2:2506:11360:18975_TGA_first
GTTTTCTACCTAGTTCTGCT
>A00602:238:H3273DSXY:2:1504:21576:20509_ACA_first
CTTTCAGAGAGATTCGAGGC
>A00602:238:H3273DSXY:2:2433:3369:22639_AGC_first
CACGGAAACCAAGGGGCTAC
>A00602:238:H3273DSXY:2:2328:24035:18944_TGA_first
GAGATCCCCCACAGCCCTAC
>A00602:238:H3273DSXY:2:2324:14244:18865_TGC_first
TTCCATGAGTTGTAGGTTTC
>A00602:238:H3273DSXY:2:2139:31195:16658_TGA_first
GAAGCTCCACCCTATAATTC
>A00602:238:H3273DSXY:2:1571:21106:1658_TGA_first
TTTCAAATCACAGTTTTGGA
>A00602:238:H3273DSXY:2:2233:16785:33536_TCG_first
TGATACTGAGTTTTTTTTGT
>A00601:238:H2YYVDSXY:3:2520:7609:26349_TGT_first
CTGCAAAAACACTTGTTCTC
>A00602:238:H3273DSXY:2:1266:9182:30201_CCA_first
GAAAATTTTTTTCCTAGTCT
>A00602:238:H3273DSXY:2:1434:30120:23156_CCA_first
TCTGCCCAGAGTCCAGCTGC
>A00602:238:H3273DSXY:2:2453:14018:18317_CGA_first
AGGAGTTGTGGCACCAAATA
>A00601:238:H2YYVDSXY:3:1678:13693:29371_TGC_first
CTGCTCACACTTTCTTCCAT
>A00601:238:H2YYVDSXY:3:1174:2347:25097_AGT_first
AGTCCACTTTCAGAGGCTTC
>A00602:238:H3273DSXY:2:1344:2329:28855_AGG_first
TCAGATGTTATTTTCCAAGC
>A00602:238:H3273DSXY:2:1256:22779:6684_GCA_first
TATCTTCATTTACAGTTTGT
>A00601:238:H2YYVDSXY:3:1140:29912:7106_TGG_first
CTCCAGTGATCTGCCCACCT
>A00601:238:H2YYVDSXY:3:2318:31421:18521_CGT_first
ATTGCAGCACAACTAAGGAA
>A00601:238:H2YYVDSXY:3:1312:8675:13072_GGT_first
TTCACTCTGTAGAAGTCTTT
>A00601:238:H2YYVDSXY:3:1536:16071:15859_TGT_first
CATCAGAAAAAGGTGTGTAT
>A00602:238:H3273DSXY:2:2409:4056:9079_CGT_first
TGCCAGTAAATTGTAACATT
>A00601:238:H2YYVDSXY:3:1625:32208:15154_AGG_first
TCATACACCAAAGTTTGTGA
>A00602:238:H3273DSXY:2:2326:10809:1141_TGG_first
TGCATTTGCATCTTTTACAT
>A00602:238:H3273DSXY:2:2243:32895:12524_TGA_first
GCTGAGGTGGGAGGAGTGCT
>A00602:238:H3273DSXY:2:1538:23185:8140_AGC_first
GTTCCAGATCTTCAGGGGCT
>A00602:238:H3273DSXY:2:2571:29243:24048_AGA_first
AGTGACAAGGAATTGGTTTC
>A00601:238:H2YYVDSXY:3:2618:31982:7748_TGG_first
TTCTCACATTCTTCCGTACT
>A00602:238:H3273DSXY:2:1270:17345:25520_CCA_first
ATAAAAGAAGAGGTCTTGGC
>A00602:238:H3273DSXY:2:2628:10185:24236_CGA_first
TTTGAAAGCAGATTCTTTTT
>A00601:238:H2YYVDSXY:3:2407:19741:31955_TCA_first
GTAGTGTAGTTGTTTCTGAT
>A00601:238:H2YYVDSXY:3:2330:2763:24408_GTC_first
TAATTTCTTGGCCCCTCTTC
>A00602:238:H3273DSXY:2:1129:12988:32346_GGC_first
TCTCATCTGCAAATACTTGT
>A00602:238:H3273DSXY:2:2462:16830:3082_GGG_first
GCAGGAGAATCCTTCAGCCC
>A00602:238:H3273DSXY:2:2430:24695:30358_GGC_first
AAAACATCTTTGGCTGAGCT
>A00601:238:H2YYVDSXY:3:1619:28103:31250_TGA_first
AAAGATACTTTTTGATGTTT
>A00602:238:H3273DSXY:2:2171:24062:29888_GAC_first
CCAGGCTGGTTTCGAACTCC
>A00601:238:H2YYVDSXY:3:1215:18141:19820_AGC_first
CAAAAGCGTCCAGAAAGGAG
>A00601:238:H2YYVDSXY:3:2553:23068:34554_TGA_first
TATGTTGCCCAGGCTGGTCT
>A00602:238:H3273DSXY:2:1647:27335:31579_TGT_first
ATTCCTTTTTACTATTCCAG
>A00602:238:H3273DSXY:2:2113:9227:4977_GGG_first
AGCACTCTCCTTCCATTGAA
>A00602:238:H3273DSXY:2:1452:15492:18615_GAC_first
CTGAAACTTTTTTGCTTTTT
>A00602:238:H3273DSXY:2:2531:14742:17628_GGC_first
CACAAATTCTTCTGGGGTCA
>A00602:238:H3273DSXY:2:2625:27037:12493_TGC_first
ACTAATTTCTTTTCTCATTG
>A00601:238:H2YYVDSXY:3:1512:6460:3443_GAC_first
GATTCTCTGTCATGCCTGCA
>A00602:238:H3273DSXY:2:1523:4526:32252_AGC_first
CTTTCCAATGTGGTCTTTGC
>A00602:238:H3273DSXY:2:2362:12292:24064_CCG_first
CTAAAAATCCCACAAGTATT
>A00602:238:H3273DSXY:2:2549:4616:19382_AGA_first
TGAAATGAAGAAGCCACTGG
>A00602:238:H3273DSXY:2:2560:9607:34256_TGT_first
CACAGAAGGAGGACTCCTTA
>A00602:238:H3273DSXY:2:2617:15456:25598_GGT_first
CCAGCACTTTGGGAGGCCAA
>A00601:238:H2YYVDSXY:3:1601:24614:8609_TGT_first
GTTCTGCTATAGTTCCATCC
>A00601:238:H2YYVDSXY:3:2305:25229:9831_AGT_first
CAACACTTGTTATTTGGTAA
>A00602:238:H3273DSXY:2:2120:18936:7044_TGC_first
TGTCACAACCGTGTGGAAGT
>A00601:238:H2YYVDSXY:3:2431:2257:26381_AGC_first
TTTTCACTGTCTGTCACAGA
>A00601:238:H2YYVDSXY:3:1355:19705:35681_TGG_first
GAAAGTGTCCCAGTTGGTAC
>A00601:238:H2YYVDSXY:3:2135:28682:28150_AGA_first
TAGCTGTATGAAAACCCAAT
>A00602:238:H3273DSXY:2:2570:20943:35697_AGT_first
TGCCCAGGAGCTTCAGGCCA
>A00602:238:H3273DSXY:2:2353:16269:5650_GGC_first
AGCCCTATTCTTTCTATTCA
>A00602:238:H3273DSXY:2:2560:11379:14528_GCA_first
CACGTCTCAGTGGCCCCTTT
>A00601:238:H2YYVDSXY:3:2271:22037:20181_GGC_first
CAGGTAGGTGTCCAGCTCCT
>A00602:238:H3273DSXY:2:2459:4029:18396_TGA_first
AGAAATCTGTATTAACAGTC
>A00601:238:H2YYVDSXY:3:1419:22923:34773_TGT_first
TCTTTGATTTGTGTTTTCAC
>A00601:238:H2YYVDSXY:3:2327:16423:33661_TGT_first
GGAAACTAAGCCCACCTAAT
>A00602:238:H3273DSXY:2:1557:21838:31454_ACC_first
GCTCAGCCCAGATGCTTCAA
>A00602:238:H3273DSXY:2:1453:14045:30107_GTC_first
TCCTACTTCCAAGGATGTTC
>A00601:238:H2YYVDSXY:3:1413:17626:24752_AGA_first
ACTTTCAATGCAGAGGTTGA
>A00602:238:H3273DSXY:2:2223:9037:32393_GCC_first
TTCAATTGGGGAACTTTCAA
>A00601:238:H2YYVDSXY:3:2267:8296:1642_TTC_first
CATTTACAGAGTAGTGTAGT
>A00602:238:H3273DSXY:2:1362:24894:16235_GGC_first
GCCAGTACAACATTCAAAAG
>A00602:238:H3273DSXY:2:2442:5240:11663_GGC_first
ACTTGCATGTGGAGCCATGT
>A00602:238:H3273DSXY:2:1417:22327:34961_TCA_first
CTGAGAGGATAGCCCTGAGC
>A00602:238:H3273DSXY:2:2478:28989:4726_GGC_first
CCTTAGCCACCTGAGTAGCT
>A00601:238:H2YYVDSXY:3:1170:32443:33536_TCA_first
GTTATTATTTTTTTCACTAC
>A00601:238:H2YYVDSXY:3:2264:14199:16626_GGC_first
TTCACTCCAAATCAGTAGAG
>A00602:238:H3273DSXY:2:2272:27335:25911_TGA_first
GGAGCTTTATCAGGTTATGT
>A00602:238:H3273DSXY:2:2423:3911:14841_TCA_first
CCTGATGTTTTTCCAAATCC
>A00602:238:H3273DSXY:2:1465:14154:10880_GGG_first
GCTGCATTTTTATTTTTGCA
>A00602:238:H3273DSXY:2:2674:7446:19179_GGA_first
CTACTCAGGTGGCTAAGGCA
>A00601:238:H2YYVDSXY:3:1431:6903:28761_TGA_first
AGAGCTTTATGAAGCAGTGA
>A00602:238:H3273DSXY:2:1166:25744:10473_TGG_first
TGTGTCATTTCTATTATCTT
>A00602:238:H3273DSXY:2:1348:30083:17957_TGG_first
CTCAGCTGCACGCTTCTCAG
>A00601:238:H2YYVDSXY:3:1524:2058:28729_TGA_first
CTTCTAAATTCTTGTCTTAG
>A00602:238:H3273DSXY:2:2456:8639:22999_CGC_first
TGTCCTGGGATTCTCTTGCT
>A00601:238:H2YYVDSXY:3:1272:8097:19366_GTC_first
GATCTGGGGTATCAGGTAGG
>A00602:238:H3273DSXY:2:2422:1913:24690_CGC_first
CTGATGTAGGTCTCCTTTTA
>A00602:238:H3273DSXY:2:1627:22290:14920_GGA_first
GTAAAAGTCCATGTTTATTT
